<?xml version="1.0" encoding="UTF-8"?>
<!-- Generated by org.testng.reporters.JUnitXMLReporter -->
<testsuite hostname="MOHAMMEDs-MacBook-Pro.local" tests="10" failures="0" timestamp="2 Mar 2016 04:54:29 GMT" time="0.527" errors="0">
  <testcase name="test2" time="0.006" classname="TestExcelData"/>
  <testcase name="test2" time="0.001" classname="TestExcelData"/>
  <testcase name="test2" time="0.001" classname="TestExcelData"/>
  <testcase name="test2" time="0.001" classname="TestExcelData"/>
  <testcase name="test2" time="0.0" classname="TestExcelData"/>
  <testcase name="testLoggingData" time="0.0" classname="TestExcelData"/>
  <testcase name="testLoggingData" time="0.0" classname="TestExcelData"/>
  <testcase name="testLoggingData" time="0.0" classname="TestExcelData"/>
  <testcase name="testLoggingData" time="0.001" classname="TestExcelData"/>
  <testcase name="testLoggingData" time="0.001" classname="TestExcelData"/>
</testsuite>
