<?xml version="1.0" encoding="UTF-8"?>
<!-- Generated by org.testng.reporters.JUnitXMLReporter -->
<testsuite hostname="MOHAMMEDs-MacBook-Pro.local" tests="5" failures="0" timestamp="1 Mar 2016 06:50:53 GMT" time="0.477" errors="0">
  <testcase name="testLoggingData" time="0.006" classname="TestExcelData"/>
  <testcase name="testLoggingData" time="0.001" classname="TestExcelData"/>
  <testcase name="testLoggingData" time="0.0" classname="TestExcelData"/>
  <testcase name="testLoggingData" time="0.0" classname="TestExcelData"/>
  <testcase name="testLoggingData" time="0.0" classname="TestExcelData"/>
</testsuite>
