<?xml version="1.0" encoding="UTF-8"?>
<testng-results skipped="0" failed="0" total="1" passed="1">
  <reporter-output>
  </reporter-output>
  <suite name="Default suite" duration-ms="24" started-at="2016-03-15T20:59:12Z" finished-at="2016-03-15T20:59:12Z">
    <groups>
    </groups>
    <test name="Default test" duration-ms="24" started-at="2016-03-15T20:59:12Z" finished-at="2016-03-15T20:59:12Z">
      <class name="TestSeleniumLogger">
        <test-method status="PASS" signature="test()[pri:0, instance:TestSeleniumLogger@68837a77]" name="test" duration-ms="12" started-at="2016-03-15T13:59:12Z" finished-at="2016-03-15T13:59:12Z">
          <reporter-output>
          </reporter-output>
        </test-method> <!-- test -->
      </class> <!-- TestSeleniumLogger -->
    </test> <!-- Default test -->
  </suite> <!-- Default suite -->
</testng-results>
